{
  "RSpec": {
    "coverage": {
      "C:/Users/casua/OneDrive/Documents/CSCE431/TradCoTracker/spec/feature/points_spec.rb": {
        "lines": [
          null,
          1,
          null,
          null,
          1,
          1,
          1,
          null,
          1,
          1,
          1,
          1,
          1,
          1,
          1,
          1,
          null,
          null,
          1,
          1,
          1,
          1,
          1,
          1,
          1,
          1,
          1,
          null,
          null,
          null,
          null,
          null,
          null,
          null,
          null,
          null,
          null,
          null,
          null,
          null,
          null,
          null,
          null,
          null,
          null,
          null,
          null,
          null,
          null,
          null,
          null,
          null,
          null,
          null,
          null,
          null,
          null,
          null
        ]
      },
      "C:/Users/casua/OneDrive/Documents/CSCE431/TradCoTracker/spec/rails_helper.rb": {
        "lines": [
          null,
          null,
          1,
          1,
          1,
          null,
          1,
          1,
          null,
          null,
          null,
          null,
          null,
          null,
          null,
          null,
          null,
          null,
          null,
          null,
          null,
          null,
          null,
          null,
          null,
          null,
          null,
          null,
          1,
          null,
          0,
          0,
          null,
          1,
          null,
          1,
          null,
          null,
          null,
          null,
          1,
          null,
          null,
          null,
          null,
          null,
          null,
          null,
          null,
          null,
          null,
          null,
          null,
          null,
          null,
          null,
          null,
          null,
          1,
          null,
          null,
          1,
          null,
          null,
          null,
          null,
          null
        ]
      },
      "C:/Users/casua/OneDrive/Documents/CSCE431/TradCoTracker/config/environment.rb": {
        "lines": [
          null,
          null,
          1,
          null,
          null,
          1
        ]
      },
      "C:/Users/casua/OneDrive/Documents/CSCE431/TradCoTracker/config/application.rb": {
        "lines": [
          null,
          1,
          null,
          1,
          null,
          1,
          null,
          null,
          null,
          1,
          null,
          1,
          1,
          null,
          1,
          null,
          null,
          null,
          null,
          null,
          null,
          null,
          null,
          null,
          null
        ]
      },
      "C:/Users/casua/OneDrive/Documents/CSCE431/TradCoTracker/config/boot.rb": {
        "lines": [
          null,
          1,
          null,
          1,
          1
        ]
      },
      "C:/Users/casua/OneDrive/Documents/CSCE431/TradCoTracker/config/environments/test.rb": {
        "lines": [
          null,
          1,
          null,
          null,
          null,
          null,
          null,
          null,
          1,
          null,
          null,
          1,
          null,
          null,
          null,
          null,
          1,
          null,
          null,
          1,
          1,
          null,
          null,
          null,
          null,
          1,
          1,
          1,
          null,
          null,
          1,
          null,
          null,
          1,
          null,
          null,
          1,
          null,
          1,
          null,
          null,
          null,
          null,
          1,
          null,
          null,
          1,
          null,
          null,
          1,
          null,
          null,
          1,
          null,
          null,
          null,
          null,
          null,
          null,
          null
        ]
      },
      "C:/Users/casua/OneDrive/Documents/CSCE431/TradCoTracker/config/initializers/application_controller_renderer.rb": {
        "lines": [
          null,
          null,
          null,
          null,
          null,
          null,
          null,
          null
        ]
      },
      "C:/Users/casua/OneDrive/Documents/CSCE431/TradCoTracker/config/initializers/assets.rb": {
        "lines": [
          null,
          null,
          null,
          null,
          1,
          null,
          null,
          null,
          null,
          1,
          null,
          null,
          null,
          null,
          null
        ]
      },
      "C:/Users/casua/OneDrive/Documents/CSCE431/TradCoTracker/config/initializers/backtrace_silencers.rb": {
        "lines": [
          null,
          null,
          null,
          null,
          null,
          null,
          null,
          null,
          1
        ]
      },
      "C:/Users/casua/OneDrive/Documents/CSCE431/TradCoTracker/config/initializers/content_security_policy.rb": {
        "lines": [
          null,
          null,
          null,
          null,
          null,
          null,
          null,
          null,
          null,
          null,
          null,
          null,
          null,
          null,
          null,
          null,
          null,
          null,
          null,
          null,
          null,
          null,
          null,
          null,
          null,
          null,
          null,
          null,
          null,
          null
        ]
      },
      "C:/Users/casua/OneDrive/Documents/CSCE431/TradCoTracker/config/initializers/cookies_serializer.rb": {
        "lines": [
          null,
          null,
          null,
          null,
          null,
          1
        ]
      },
      "C:/Users/casua/OneDrive/Documents/CSCE431/TradCoTracker/config/initializers/filter_parameter_logging.rb": {
        "lines": [
          null,
          null,
          null,
          null,
          1,
          null,
          null
        ]
      },
      "C:/Users/casua/OneDrive/Documents/CSCE431/TradCoTracker/config/initializers/inflections.rb": {
        "lines": [
          null,
          null,
          null,
          null,
          null,
          null,
          null,
          null,
          null,
          null,
          null,
          null,
          null,
          null,
          null,
          null
        ]
      },
      "C:/Users/casua/OneDrive/Documents/CSCE431/TradCoTracker/config/initializers/mime_types.rb": {
        "lines": [
          null,
          null,
          null,
          null
        ]
      },
      "C:/Users/casua/OneDrive/Documents/CSCE431/TradCoTracker/config/initializers/permissions_policy.rb": {
        "lines": [
          null,
          null,
          null,
          null,
          null,
          null,
          null,
          null,
          null,
          null,
          null
        ]
      },
      "C:/Users/casua/OneDrive/Documents/CSCE431/TradCoTracker/config/initializers/wrap_parameters.rb": {
        "lines": [
          null,
          null,
          null,
          null,
          null,
          null,
          null,
          1,
          2,
          null,
          null,
          null,
          null,
          null,
          null
        ]
      },
      "C:/Users/casua/OneDrive/Documents/CSCE431/TradCoTracker/config/routes.rb": {
        "lines": [
          null,
          1,
          1,
          1,
          1,
          1,
          1,
          1,
          1,
          null,
          1,
          1,
          1,
          1,
          1,
          1,
          1,
          1,
          null,
          null,
          null,
          1,
          null,
          null,
          1,
          1,
          1,
          null,
          null,
          null,
          null,
          1,
          1,
          1,
          1,
          null,
          null,
          null,
          null,
          null,
          null,
          null,
          1,
          null
        ]
      },
      "C:/Users/casua/OneDrive/Documents/CSCE431/TradCoTracker/app/helpers/application_helper.rb": {
        "lines": [
          null,
          null,
          1,
          null
        ]
      },
      "C:/Users/casua/OneDrive/Documents/CSCE431/TradCoTracker/app/helpers/events_helper.rb": {
        "lines": [
          null,
          null,
          1,
          null
        ]
      },
      "C:/Users/casua/OneDrive/Documents/CSCE431/TradCoTracker/app/helpers/point_helper.rb": {
        "lines": [
          null,
          null,
          1,
          null
        ]
      },
      "C:/Users/casua/OneDrive/Documents/CSCE431/TradCoTracker/app/helpers/points_helper.rb": {
        "lines": [
          null,
          null,
          1,
          null
        ]
      },
      "C:/Users/casua/OneDrive/Documents/CSCE431/TradCoTracker/app/helpers/portal_helper.rb": {
        "lines": [
          null,
          null,
          1,
          null
        ]
      },
      "C:/Users/casua/OneDrive/Documents/CSCE431/TradCoTracker/app/helpers/posts_helper.rb": {
        "lines": [
          null,
          null,
          1,
          null
        ]
      },
      "C:/Users/casua/OneDrive/Documents/CSCE431/TradCoTracker/app/helpers/searches_helper.rb": {
        "lines": [
          null,
          null,
          1,
          null
        ]
      },
      "C:/Users/casua/OneDrive/Documents/CSCE431/TradCoTracker/app/helpers/users_helper.rb": {
        "lines": [
          null,
          null,
          1,
          null
        ]
      },
      "C:/Users/casua/OneDrive/Documents/CSCE431/TradCoTracker/spec/feature/users_spec.rb": {
        "lines": [
          null,
          1,
          null,
          1,
          1,
          1,
          1,
          1,
          null,
          null,
          1,
          1,
          1,
          null,
          null,
          1,
          1,
          1,
          null,
          null,
          null,
          null,
          null,
          1,
          null,
          1,
          1,
          1,
          1,
          1,
          1,
          1,
          1,
          1,
          1,
          null,
          null,
          1,
          1,
          1,
          1,
          1,
          1,
          1,
          1,
          1,
          1,
          1,
          null,
          null,
          null,
          1,
          1,
          1,
          1,
          1,
          1,
          1,
          1,
          1,
          1,
          null,
          null,
          1,
          1,
          1,
          1,
          1,
          1,
          1,
          1,
          null,
          1,
          null,
          null,
          1,
          1,
          1,
          1,
          1,
          1,
          1,
          1,
          null,
          1,
          null,
          null,
          null,
          null,
          1,
          null,
          1,
          1,
          null,
          1,
          1,
          1,
          1,
          1,
          1,
          1,
          null,
          null,
          1,
          1,
          1,
          1,
          1,
          null,
          null,
          1,
          1,
          null,
          1,
          1,
          1,
          1,
          1,
          1,
          1,
          1,
          null,
          null,
          1,
          1,
          1,
          1,
          1,
          null,
          null,
          null,
          1,
          1,
          1,
          1,
          1,
          null,
          null,
          1,
          1,
          1,
          1,
          1,
          null,
          null,
          1,
          1,
          null,
          1,
          1,
          1,
          1,
          1,
          1,
          1,
          null,
          null,
          1,
          1,
          1,
          1,
          null,
          null,
          null,
          null,
          1,
          1,
          1,
          null,
          1,
          1,
          1,
          1,
          1,
          1,
          1,
          1,
          null,
          null,
          1,
          1,
          1,
          1,
          1,
          null,
          null,
          null,
          null,
          null,
          null,
          null,
          null,
          null,
          null,
          null,
          null,
          null,
          null,
          null,
          null,
          null,
          null,
          null,
          null,
          null,
          null,
          null,
          null,
          null,
          null,
          null,
          null,
          null,
          null,
          null,
          null,
          null,
          null,
          null,
          null,
          null,
          null,
          null,
          null,
          null,
          null,
          null,
          null,
          null,
          null,
          null,
          null,
          null,
          null
        ]
      },
      "C:/Users/casua/OneDrive/Documents/CSCE431/TradCoTracker/app/controllers/portal_controller.rb": {
        "lines": [
          null,
          null,
          1,
          1,
          null,
          1,
          4,
          null,
          null,
          1,
          1,
          1,
          1,
          1,
          1,
          0,
          null,
          null,
          null,
          null,
          1,
          null,
          null,
          1,
          7,
          null,
          7,
          4,
          4,
          4,
          null,
          3,
          null,
          null,
          null,
          null,
          1,
          2,
          2,
          null,
          null
        ]
      },
      "C:/Users/casua/OneDrive/Documents/CSCE431/TradCoTracker/app/controllers/application_controller.rb": {
        "lines": [
          null,
          null,
          1,
          1,
          1,
          1,
          null,
          null,
          1,
          9,
          8,
          null,
          1,
          null,
          null,
          null,
          null,
          1,
          9,
          null,
          null,
          1,
          9,
          null,
          null,
          1
        ]
      },
      "C:/Users/casua/OneDrive/Documents/CSCE431/TradCoTracker/app/controllers/users_controller.rb": {
        "lines": [
          null,
          null,
          1,
          null,
          1,
          1,
          0,
          0,
          null,
          null,
          null,
          null,
          null,
          null,
          null,
          null,
          1,
          0,
          null,
          0,
          null,
          null,
          1,
          13,
          null,
          13,
          null,
          null,
          null,
          null,
          null,
          null,
          null,
          1,
          10,
          null,
          10,
          10,
          null,
          10,
          8,
          null,
          2,
          null,
          null,
          null,
          null,
          null,
          null,
          null,
          null,
          null,
          1,
          0,
          null,
          0,
          0,
          0,
          null,
          0,
          null,
          null,
          null,
          1,
          0,
          null,
          0,
          null,
          null,
          1,
          0,
          0,
          0,
          null,
          null,
          null,
          null,
          null,
          null,
          null,
          null,
          1,
          null,
          null,
          1,
          10,
          null,
          null,
          null
        ]
      },
      "C:/Users/casua/OneDrive/Documents/CSCE431/TradCoTracker/app/models/user.rb": {
        "lines": [
          null,
          null,
          1,
          1,
          1,
          0,
          0,
          0,
          null,
          0,
          null,
          0,
          0,
          0,
          null,
          null,
          null,
          null,
          null,
          null,
          null,
          null,
          null,
          null
        ]
      },
      "C:/Users/casua/OneDrive/Documents/CSCE431/TradCoTracker/app/models/application_record.rb": {
        "lines": [
          null,
          null,
          1,
          1,
          null
        ]
      },
      "C:/Users/casua/OneDrive/Documents/CSCE431/TradCoTracker/app/controllers/points_controller.rb": {
        "lines": [
          null,
          null,
          1,
          1,
          null,
          0,
          0,
          0,
          0,
          null,
          0,
          0,
          0,
          0,
          null,
          null,
          null,
          null,
          1,
          1,
          1,
          1,
          1,
          1,
          null,
          null,
          1,
          1,
          1,
          1,
          null,
          null,
          1,
          null,
          1,
          1,
          1,
          1,
          null,
          1,
          null,
          1,
          null,
          null,
          0,
          null,
          null,
          null,
          1,
          0,
          0,
          null,
          null,
          1,
          0,
          0,
          null,
          null,
          1,
          0,
          0,
          0,
          null,
          0,
          null,
          null,
          null,
          1,
          0,
          0,
          0,
          null,
          0,
          null,
          null,
          null,
          1,
          0,
          0,
          0,
          null,
          null,
          1,
          0,
          0,
          0,
          null,
          null,
          1,
          0,
          0,
          null,
          null,
          1,
          null,
          1,
          1,
          null,
          null
        ]
      },
      "C:/Users/casua/OneDrive/Documents/CSCE431/TradCoTracker/app/models/point.rb": {
        "lines": [
          null,
          null,
          1,
          1,
          0,
          0,
          0,
          null,
          0,
          null,
          0,
          0,
          null,
          null,
          null,
          null,
          null,
          null,
          null,
          null,
          null,
          null,
          null,
          null
        ]
      }
    },
    "timestamp": 1618209802
  }
}
